<?xml version="1.0" encoding="UTF-8"?>
<testng-results ignored="0" total="1" passed="1" failed="0" skipped="0">
  <reporter-output>
  </reporter-output>
  <suite started-at="2025-03-21T16:30:11 IST" name="Default suite" finished-at="2025-03-21T16:30:26 IST" duration-ms="15128">
    <groups>
    </groups>
    <test started-at="2025-03-21T16:30:11 IST" name="Default test" finished-at="2025-03-21T16:30:26 IST" duration-ms="15128">
      <class name="com.tests.formTest">
        <test-method is-config="true" signature="setup()[pri:0, instance:com.tests.formTest@7ee8290b]" started-at="2025-03-21T16:30:11 IST" name="setup" finished-at="2025-03-21T16:30:16 IST" duration-ms="5158" status="PASS">
          <reporter-output>
          </reporter-output>
        </test-method> <!-- setup -->
        <test-method signature="addToCartProduct()[pri:0, instance:com.tests.formTest@7ee8290b]" started-at="2025-03-21T16:30:16 IST" name="addToCartProduct" finished-at="2025-03-21T16:30:25 IST" duration-ms="9036" status="PASS">
          <reporter-output>
          </reporter-output>
        </test-method> <!-- addToCartProduct -->
        <test-method is-config="true" signature="tearDown()[pri:0, instance:com.tests.formTest@7ee8290b]" started-at="2025-03-21T16:30:26 IST" name="tearDown" finished-at="2025-03-21T16:30:26 IST" duration-ms="860" status="PASS">
          <reporter-output>
          </reporter-output>
        </test-method> <!-- tearDown -->
      </class> <!-- com.tests.formTest -->
    </test> <!-- Default test -->
  </suite> <!-- Default suite -->
</testng-results>
